D:\python>
D:\python>locust --web-host 127.0.0.1 -f locustfile.py -u 10 -r 2 -t 2 --headless
[2021-01-28 15:18:11,088] LAPTOP-GUOGUO/INFO/locust.main: Run time limit set to 2 seconds
[2021-01-28 15:18:11,088] LAPTOP-GUOGUO/INFO/locust.main: Starting Locust 1.4.2
[2021-01-28 15:18:11,088] LAPTOP-GUOGUO/INFO/locust.runners: Spawning 10 users at the rate 2 users/s (0 users already running)...
 Name                                                          # reqs      # fails  |     Avg     Min     Max  Median  |   req/s failures/s
--------------------------------------------------------------------------------------------------------------------------------------------
--------------------------------------------------------------------------------------------------------------------------------------------
 Aggregated                                                         0     0(0.00%)  |       0       0       0       0  |    0.00    0.00

task 1
task 2
task 1
task 1
task 2
task 2
task 2
task 2
task 1
task 2
task 2
task 2
task 2
task 2
task 1
task 2
task 2
task 2
task 2
task 1
task 1
task 1
task 1
task 2
task 1
task 2
task 1
task 2
task 2
task 2
task 1
task 2
task 1
task 1
task 2
task 2
task 1
task 2
task 1
task 2
task 2
task 1
task 2
task 1
task 1
task 1
task 1
task 2
task 2
task 1
task 2
task 2
task 1
[2021-01-28 15:18:12,454] LAPTOP-GUOGUO/INFO/locust.main: Time limit reached. Stopping Locust.
[2021-01-28 15:18:12,460] LAPTOP-GUOGUO/INFO/locust.runners: Stopping 3 users
[2021-01-28 15:18:12,478] LAPTOP-GUOGUO/INFO/locust.runners: 3 Users have been stopped, 0 still running
[2021-01-28 15:18:12,479] LAPTOP-GUOGUO/INFO/locust.main: Running teardowns...
[2021-01-28 15:18:12,480] LAPTOP-GUOGUO/INFO/locust.main: Shutting down (exit code 0), bye.
[2021-01-28 15:18:12,490] LAPTOP-GUOGUO/INFO/locust.main: Cleaning up runner...
 Name                                                          # reqs      # fails  |     Avg     Min     Max  Median  |   req/s failures/s
--------------------------------------------------------------------------------------------------------------------------------------------
 GET /                                                             20     0(0.00%)  |     120      61     562      78  |   15.07    0.00
--------------------------------------------------------------------------------------------------------------------------------------------
 Aggregated                                                        20     0(0.00%)  |     120      61     562      78  |   15.07    0.00

Response time percentiles (approximated)
 Type     Name                                                              50%    66%    75%    80%    90%    95%    98%    99%  99.9% 99.99%   100% # reqs
--------|------------------------------------------------------------|---------|------|------|------|------|------|------|------|------|------|------|------|
 GET      /                                                                  78     93    120    120    270    560    560    560    560    560    560     20
--------|------------------------------------------------------------|---------|------|------|------|------|------|------|------|------|------|------|------|
 None     Aggregated                                                         78     93    120    120    270    560    560    560    560    560    560     20


D:\python>